[2020-03-29T09:03:49.931804+02:00] Logger.INFO: New user registered. [] []
[2020-03-29T09:05:32.072843+02:00] Logger.INFO: New user registered. [] []
[2020-03-29T15:14:48.799716+02:00] Logger.INFO: New user registered. [] []
[2020-03-29T20:27:47.125615+02:00] Logger.INFO: New user registered. [] []
[2020-03-31T16:56:15.838673+02:00] Logger.INFO: New user registered. [] []
[2020-03-31T19:42:14.605573+02:00] Logger.INFO: New post added. [] []
[2020-03-31T19:54:14.842669+02:00] Logger.INFO: New post added. [] []
[2020-03-31T19:54:58.412539+02:00] Logger.INFO: New post added. [] []
[2020-04-01T10:35:07.782364+02:00] Logger.INFO: New post added. [] []
[2020-04-01T10:35:49.717885+02:00] Logger.INFO: New post added. [] []
[2020-04-01T10:37:33.152923+02:00] Logger.INFO: New post added. [] []
[2020-04-01T15:31:55.764399+02:00] Logger.INFO: New post added. [] []
[2020-04-01T15:32:15.339380+02:00] Logger.INFO: New post added. [] []
[2020-04-01T15:39:24.356938+02:00] Logger.INFO: Post deleted. [] []
[2020-04-01T15:39:49.117227+02:00] Logger.INFO: New post added. [] []
[2020-04-01T15:40:19.410867+02:00] Logger.INFO: Post deleted. [] []
[2020-04-01T15:55:45.406111+02:00] Logger.INFO: New post added. [] []
[2020-04-01T15:56:08.187318+02:00] Logger.INFO: New post added. [] []
[2020-04-01T15:57:31.280619+02:00] Logger.INFO: New post added. [] []
[2020-04-01T18:17:51.546621+02:00] Logger.INFO: New post added. [] []
[2020-04-01T18:18:12.399994+02:00] Logger.INFO: Post deleted. [] []
[2020-04-01T20:34:42.761556+02:00] Logger.INFO: Post updated. [] []
[2020-04-01T20:35:18.548852+02:00] Logger.INFO: Post updated. [] []
[2020-04-01T20:35:46.344929+02:00] Logger.INFO: New post added. [] []
[2020-04-01T20:36:09.886126+02:00] Logger.INFO: Post updated. [] []
[2020-04-01T20:36:40.297496+02:00] Logger.INFO: Post deleted. [] []
[2020-04-02T10:53:13.533291+02:00] Logger.INFO: New post added. [] []
[2020-04-02T10:53:50.750102+02:00] Logger.INFO: New post added. [] []
[2020-04-02T10:55:35.694305+02:00] Logger.INFO: New post added. [] []
[2020-04-03T10:48:42.062560+02:00] Logger.INFO: New post added. [] []
[2020-04-03T10:49:12.248980+02:00] Logger.INFO: Post updated. [] []
[2020-04-03T15:51:26.128360+02:00] Logger.INFO: New gallery added. [] []
